<?xml version="1.0" encoding="UTF-8"?>
<testng-results ignored="0" total="1" passed="1" failed="0" skipped="0">
  <reporter-output>
  </reporter-output>
  <suite started-at="2023-08-08T12:16:05 EDT" name="Default suite" finished-at="2023-08-08T12:16:05 EDT" duration-ms="36">
    <groups>
    </groups>
    <test started-at="2023-08-08T12:16:05 EDT" name="Default test" finished-at="2023-08-08T12:16:05 EDT" duration-ms="36">
      <class name="UIandSQLandREST.AutomationDemoForAll.AppTest">
        <test-method signature="shouldAnswerWithTrue()[pri:0, instance:UIandSQLandREST.AutomationDemoForAll.AppTest@e1de817]" started-at="2023-08-08T12:16:05 EDT" name="shouldAnswerWithTrue" finished-at="2023-08-08T12:16:05 EDT" duration-ms="8" status="PASS">
          <reporter-output>
          </reporter-output>
        </test-method> <!-- shouldAnswerWithTrue -->
      </class> <!-- UIandSQLandREST.AutomationDemoForAll.AppTest -->
    </test> <!-- Default test -->
  </suite> <!-- Default suite -->
</testng-results>
